Thu, 27 Mar 2025 11:21:58 GMT POST /api/uploads 404
Thu, 27 Mar 2025 11:22:32 GMT POST /api/uploads 404
Thu, 27 Mar 2025 12:35:25 GMT GET /static/uploads/1743078697931.pdf 404
Thu, 27 Mar 2025 12:36:00 GMT GET /static/uploads/1743078697931.pdf 404
Thu, 27 Mar 2025 12:40:28 GMT GET /uploads/1743078697931.pdf 404
Thu, 27 Mar 2025 12:40:48 GMT GET /uploads/1743078697931.pdf 404
Thu, 27 Mar 2025 12:40:55 GMT GET /uploads/1743078697931 404
Thu, 27 Mar 2025 12:41:09 GMT GET /uploads/1743078697931 404
Thu, 27 Mar 2025 12:43:39 GMT GET /1743078697931 404
Thu, 27 Mar 2025 12:43:46 GMT GET /1743078697931.pdf 404
Thu, 27 Mar 2025 12:45:27 GMT GET /1743078697931.pdf 404
Thu, 27 Mar 2025 12:45:28 GMT GET /1743078697931.pdf 404
Thu, 27 Mar 2025 12:45:34 GMT GET /static/1743078697931.pdf 404
Thu, 27 Mar 2025 12:45:43 GMT GET /static/1743078697931 404
Thu, 27 Mar 2025 12:45:48 GMT GET /1743078697931 404
Thu, 27 Mar 2025 12:49:25 GMT GET /test.jpg 404
Thu, 27 Mar 2025 12:49:37 GMT GET /static/test.jpg 404
Thu, 27 Mar 2025 12:54:43 GMT GET /favicon.ico 404
Thu, 27 Mar 2025 13:03:35 GMT GET /api/files/test.jpg 404
Thu, 27 Mar 2025 17:29:52 GMT GET /download/Nazar_Chopko_CV2025.pdf 404
